-------------------------------------------------------------------------------
Test set: com.inventory.ProductServiceTest
-------------------------------------------------------------------------------
Tests run: 14, Failures: 1, Errors: 8, Skipped: 0, Time elapsed: 0.401 s <<< FAILURE! -- in com.inventory.ProductServiceTest
com.inventory.ProductServiceTest.testAddProduct -- Time elapsed: 0.027 s <<< ERROR!
java.lang.RuntimeException: Error adding product: not implemented by SQLite JDBC driver
	at com.inventory.dao.ProductDAOImpl.addProduct(ProductDAOImpl.java:35)
	at com.inventory.service.ProductService.addProduct(ProductService.java:44)
	at com.inventory.ProductServiceTest.testAddProduct(ProductServiceTest.java:39)
	at java.base/java.lang.reflect.Method.invoke(Method.java:565)
	at java.base/java.util.ArrayList.forEach(ArrayList.java:1604)
	at java.base/java.util.ArrayList.forEach(ArrayList.java:1604)
Caused by: java.sql.SQLFeatureNotSupportedException: not implemented by SQLite JDBC driver
	at org.sqlite.jdbc3.JDBC3PreparedStatement.unsupported(JDBC3PreparedStatement.java:448)
	at org.sqlite.jdbc3.JDBC3Statement.getGeneratedKeys(JDBC3Statement.java:357)
	at com.inventory.dao.ProductDAOImpl.addProduct(ProductDAOImpl.java:30)
	... 5 more

com.inventory.ProductServiceTest.testGetProductById -- Time elapsed: 0.006 s <<< ERROR!
com.inventory.exception.ProductNotFoundException: Product with ID 0 not found.
	at com.inventory.service.ProductService.lambda$getProductOrThrow$0(ProductService.java:164)
	at java.base/java.util.Optional.orElseThrow(Optional.java:403)
	at com.inventory.service.ProductService.getProductOrThrow(ProductService.java:164)
	at com.inventory.service.ProductService.getProductById(ProductService.java:76)
	at com.inventory.ProductServiceTest.testGetProductById(ProductServiceTest.java:54)
	at java.base/java.lang.reflect.Method.invoke(Method.java:565)
	at java.base/java.util.ArrayList.forEach(ArrayList.java:1604)
	at java.base/java.util.ArrayList.forEach(ArrayList.java:1604)

com.inventory.ProductServiceTest.testUpdateProduct -- Time elapsed: 0.003 s <<< ERROR!
com.inventory.exception.ProductNotFoundException: Product with ID 0 not found.
	at com.inventory.service.ProductService.lambda$getProductOrThrow$0(ProductService.java:164)
	at java.base/java.util.Optional.orElseThrow(Optional.java:403)
	at com.inventory.service.ProductService.getProductOrThrow(ProductService.java:164)
	at com.inventory.service.ProductService.getProductById(ProductService.java:76)
	at com.inventory.ProductServiceTest.testUpdateProduct(ProductServiceTest.java:64)
	at java.base/java.lang.reflect.Method.invoke(Method.java:565)
	at java.base/java.util.ArrayList.forEach(ArrayList.java:1604)
	at java.base/java.util.ArrayList.forEach(ArrayList.java:1604)

com.inventory.ProductServiceTest.testStockIn -- Time elapsed: 0.003 s <<< ERROR!
com.inventory.exception.ProductNotFoundException: Product with ID 0 not found.
	at com.inventory.service.ProductService.lambda$getProductOrThrow$0(ProductService.java:164)
	at java.base/java.util.Optional.orElseThrow(Optional.java:403)
	at com.inventory.service.ProductService.getProductOrThrow(ProductService.java:164)
	at com.inventory.service.ProductService.stockIn(ProductService.java:103)
	at com.inventory.ProductServiceTest.testStockIn(ProductServiceTest.java:77)
	at java.base/java.lang.reflect.Method.invoke(Method.java:565)
	at java.base/java.util.ArrayList.forEach(ArrayList.java:1604)
	at java.base/java.util.ArrayList.forEach(ArrayList.java:1604)

com.inventory.ProductServiceTest.testStockOut -- Time elapsed: 0.002 s <<< ERROR!
com.inventory.exception.ProductNotFoundException: Product with ID 0 not found.
	at com.inventory.service.ProductService.lambda$getProductOrThrow$0(ProductService.java:164)
	at java.base/java.util.Optional.orElseThrow(Optional.java:403)
	at com.inventory.service.ProductService.getProductOrThrow(ProductService.java:164)
	at com.inventory.service.ProductService.stockOut(ProductService.java:123)
	at com.inventory.ProductServiceTest.testStockOut(ProductServiceTest.java:85)
	at java.base/java.lang.reflect.Method.invoke(Method.java:565)
	at java.base/java.util.ArrayList.forEach(ArrayList.java:1604)
	at java.base/java.util.ArrayList.forEach(ArrayList.java:1604)

com.inventory.ProductServiceTest.testAdjustStock -- Time elapsed: 0.003 s <<< ERROR!
com.inventory.exception.ProductNotFoundException: Product with ID 0 not found.
	at com.inventory.service.ProductService.lambda$getProductOrThrow$0(ProductService.java:164)
	at java.base/java.util.Optional.orElseThrow(Optional.java:403)
	at com.inventory.service.ProductService.getProductOrThrow(ProductService.java:164)
	at com.inventory.service.ProductService.adjustStock(ProductService.java:147)
	at com.inventory.ProductServiceTest.testAdjustStock(ProductServiceTest.java:101)
	at java.base/java.lang.reflect.Method.invoke(Method.java:565)
	at java.base/java.util.ArrayList.forEach(ArrayList.java:1604)
	at java.base/java.util.ArrayList.forEach(ArrayList.java:1604)

com.inventory.ProductServiceTest.testSearchProducts -- Time elapsed: 0.005 s <<< FAILURE!
org.opentest4j.AssertionFailedError: Search should return results for 'Updated' ==> expected: <false> but was: <true>
	at org.junit.jupiter.api.AssertionFailureBuilder.build(AssertionFailureBuilder.java:151)
	at org.junit.jupiter.api.AssertionFailureBuilder.buildAndThrow(AssertionFailureBuilder.java:132)
	at org.junit.jupiter.api.AssertFalse.failNotFalse(AssertFalse.java:63)
	at org.junit.jupiter.api.AssertFalse.assertFalse(AssertFalse.java:36)
	at org.junit.jupiter.api.Assertions.assertFalse(Assertions.java:235)
	at com.inventory.ProductServiceTest.testSearchProducts(ProductServiceTest.java:110)
	at java.base/java.lang.reflect.Method.invoke(Method.java:565)
	at java.base/java.util.ArrayList.forEach(ArrayList.java:1604)
	at java.base/java.util.ArrayList.forEach(ArrayList.java:1604)

com.inventory.ProductServiceTest.testLowStockDetection -- Time elapsed: 0.002 s <<< ERROR!
com.inventory.exception.ProductNotFoundException: Product with ID 0 not found.
	at com.inventory.service.ProductService.lambda$getProductOrThrow$0(ProductService.java:164)
	at java.base/java.util.Optional.orElseThrow(Optional.java:403)
	at com.inventory.service.ProductService.getProductOrThrow(ProductService.java:164)
	at com.inventory.service.ProductService.adjustStock(ProductService.java:147)
	at com.inventory.ProductServiceTest.testLowStockDetection(ProductServiceTest.java:116)
	at java.base/java.lang.reflect.Method.invoke(Method.java:565)
	at java.base/java.util.ArrayList.forEach(ArrayList.java:1604)
	at java.base/java.util.ArrayList.forEach(ArrayList.java:1604)

com.inventory.ProductServiceTest.testDeleteProduct -- Time elapsed: 0.002 s <<< ERROR!
com.inventory.exception.ProductNotFoundException: Product with ID 0 not found.
	at com.inventory.service.ProductService.lambda$getProductOrThrow$0(ProductService.java:164)
	at java.base/java.util.Optional.orElseThrow(Optional.java:403)
	at com.inventory.service.ProductService.getProductOrThrow(ProductService.java:164)
	at com.inventory.service.ProductService.deleteProduct(ProductService.java:71)
	at com.inventory.ProductServiceTest.testDeleteProduct(ProductServiceTest.java:133)
	at java.base/java.lang.reflect.Method.invoke(Method.java:565)
	at java.base/java.util.ArrayList.forEach(ArrayList.java:1604)
	at java.base/java.util.ArrayList.forEach(ArrayList.java:1604)

