<?xml version="1.0" encoding="UTF-8"?>
<testsuite xmlns:xsi="http://www.w3.org/2001/XMLSchema-instance" xsi:noNamespaceSchemaLocation="https://maven.apache.org/surefire/maven-surefire-plugin/xsd/surefire-test-report-3.0.xsd" version="3.0" name="com.inventory.UserServiceTest" time="0.089" tests="9" errors="1" skipped="0" failures="0">
  <properties>
[...]
</properties>
  <testcase name="testDefaultAdminLogin" classname="com.inventory.UserServiceTest" time="0.006"/>
  <testcase name="testInvalidLoginThrows" classname="com.inventory.UserServiceTest" time="0.002"/>
  <testcase name="testIsLoggedIn" classname="com.inventory.UserServiceTest" time="0.002"/>
  <testcase name="testLogout" classname="com.inventory.UserServiceTest" time="0.002"/>
  <testcase name="testAddUser" classname="com.inventory.UserServiceTest" time="0.011">
    <error message="Error adding user: not implemented by SQLite JDBC driver" type="java.lang.RuntimeException"><![CDATA[java.lang.RuntimeException: Error adding user: not implemented by SQLite JDBC driver
	at com.inventory.dao.UserDAOImpl.addUser(UserDAOImpl.java:30)
	at com.inventory.service.UserService.addUser(UserService.java:64)
	at com.inventory.UserServiceTest.testAddUser(UserServiceTest.java:63)
	at java.base/java.lang.reflect.Method.invoke(Method.java:565)
	at java.base/java.util.ArrayList.forEach(ArrayList.java:1604)
	at java.base/java.util.ArrayList.forEach(ArrayList.java:1604)
Caused by: java.sql.SQLFeatureNotSupportedException: not implemented by SQLite JDBC driver
	at org.sqlite.jdbc3.JDBC3PreparedStatement.unsupported(JDBC3PreparedStatement.java:448)
	at org.sqlite.jdbc3.JDBC3Statement.getGeneratedKeys(JDBC3Statement.java:357)
	at com.inventory.dao.UserDAOImpl.addUser(UserDAOImpl.java:27)
	... 5 more
]]></error>
  </testcase>
  <testcase name="testDuplicateUsernameThrows" classname="com.inventory.UserServiceTest" time="0.002"/>
  <testcase name="testNewUserCanLogin" classname="com.inventory.UserServiceTest" time="0.002"/>
  <testcase name="testHasRoleCheck" classname="com.inventory.UserServiceTest" time="0.002"/>
  <testcase name="testEmptyPasswordThrows" classname="com.inventory.UserServiceTest" time="0.002"/>
</testsuite>