<?xml version="1.0" encoding="UTF-8"?>
<testsuite xmlns:xsi="http://www.w3.org/2001/XMLSchema-instance" xsi:noNamespaceSchemaLocation="https://maven.apache.org/surefire/maven-surefire-plugin/xsd/surefire-test-report-3.0.xsd" version="3.0" name="com.inventory.ProductServiceTest" time="0.401" tests="14" errors="8" skipped="0" failures="1">
  <properties>
[...]
</properties>
  <testcase name="testAddProduct" classname="com.inventory.ProductServiceTest" time="0.027">
    <error message="Error adding product: not implemented by SQLite JDBC driver" type="java.lang.RuntimeException"><![CDATA[java.lang.RuntimeException: Error adding product: not implemented by SQLite JDBC driver
	at com.inventory.dao.ProductDAOImpl.addProduct(ProductDAOImpl.java:35)
	at com.inventory.service.ProductService.addProduct(ProductService.java:44)
	at com.inventory.ProductServiceTest.testAddProduct(ProductServiceTest.java:39)
	at java.base/java.lang.reflect.Method.invoke(Method.java:565)
	at java.base/java.util.ArrayList.forEach(ArrayList.java:1604)
	at java.base/java.util.ArrayList.forEach(ArrayList.java:1604)
Caused by: java.sql.SQLFeatureNotSupportedException: not implemented by SQLite JDBC driver
	at org.sqlite.jdbc3.JDBC3PreparedStatement.unsupported(JDBC3PreparedStatement.java:448)
	at org.sqlite.jdbc3.JDBC3Statement.getGeneratedKeys(JDBC3Statement.java:357)
	at com.inventory.dao.ProductDAOImpl.addProduct(ProductDAOImpl.java:30)
	... 5 more
]]></error>
  </testcase>
  <testcase name="testGetAllProducts" classname="com.inventory.ProductServiceTest" time="0.008"/>
  <testcase name="testGetProductById" classname="com.inventory.ProductServiceTest" time="0.006">
    <error message="Product with ID 0 not found." type="com.inventory.exception.ProductNotFoundException"><![CDATA[com.inventory.exception.ProductNotFoundException: Product with ID 0 not found.
	at com.inventory.service.ProductService.lambda$getProductOrThrow$0(ProductService.java:164)
	at java.base/java.util.Optional.orElseThrow(Optional.java:403)
	at com.inventory.service.ProductService.getProductOrThrow(ProductService.java:164)
	at com.inventory.service.ProductService.getProductById(ProductService.java:76)
	at com.inventory.ProductServiceTest.testGetProductById(ProductServiceTest.java:54)
	at java.base/java.lang.reflect.Method.invoke(Method.java:565)
	at java.base/java.util.ArrayList.forEach(ArrayList.java:1604)
	at java.base/java.util.ArrayList.forEach(ArrayList.java:1604)
]]></error>
  </testcase>
  <testcase name="testUpdateProduct" classname="com.inventory.ProductServiceTest" time="0.003">
    <error message="Product with ID 0 not found." type="com.inventory.exception.ProductNotFoundException"><![CDATA[com.inventory.exception.ProductNotFoundException: Product with ID 0 not found.
	at com.inventory.service.ProductService.lambda$getProductOrThrow$0(ProductService.java:164)
	at java.base/java.util.Optional.orElseThrow(Optional.java:403)
	at com.inventory.service.ProductService.getProductOrThrow(ProductService.java:164)
	at com.inventory.service.ProductService.getProductById(ProductService.java:76)
	at com.inventory.ProductServiceTest.testUpdateProduct(ProductServiceTest.java:64)
	at java.base/java.lang.reflect.Method.invoke(Method.java:565)
	at java.base/java.util.ArrayList.forEach(ArrayList.java:1604)
	at java.base/java.util.ArrayList.forEach(ArrayList.java:1604)
]]></error>
  </testcase>
  <testcase name="testStockIn" classname="com.inventory.ProductServiceTest" time="0.003">
    <error message="Product with ID 0 not found." type="com.inventory.exception.ProductNotFoundException"><![CDATA[com.inventory.exception.ProductNotFoundException: Product with ID 0 not found.
	at com.inventory.service.ProductService.lambda$getProductOrThrow$0(ProductService.java:164)
	at java.base/java.util.Optional.orElseThrow(Optional.java:403)
	at com.inventory.service.ProductService.getProductOrThrow(ProductService.java:164)
	at com.inventory.service.ProductService.stockIn(ProductService.java:103)
	at com.inventory.ProductServiceTest.testStockIn(ProductServiceTest.java:77)
	at java.base/java.lang.reflect.Method.invoke(Method.java:565)
	at java.base/java.util.ArrayList.forEach(ArrayList.java:1604)
	at java.base/java.util.ArrayList.forEach(ArrayList.java:1604)
]]></error>
  </testcase>
  <testcase name="testStockOut" classname="com.inventory.ProductServiceTest" time="0.002">
    <error message="Product with ID 0 not found." type="com.inventory.exception.ProductNotFoundException"><![CDATA[com.inventory.exception.ProductNotFoundException: Product with ID 0 not found.
	at com.inventory.service.ProductService.lambda$getProductOrThrow$0(ProductService.java:164)
	at java.base/java.util.Optional.orElseThrow(Optional.java:403)
	at com.inventory.service.ProductService.getProductOrThrow(ProductService.java:164)
	at com.inventory.service.ProductService.stockOut(ProductService.java:123)
	at com.inventory.ProductServiceTest.testStockOut(ProductServiceTest.java:85)
	at java.base/java.lang.reflect.Method.invoke(Method.java:565)
	at java.base/java.util.ArrayList.forEach(ArrayList.java:1604)
	at java.base/java.util.ArrayList.forEach(ArrayList.java:1604)
]]></error>
  </testcase>
  <testcase name="testInsufficientStockThrowsException" classname="com.inventory.ProductServiceTest" time="0.003"/>
  <testcase name="testAdjustStock" classname="com.inventory.ProductServiceTest" time="0.003">
    <error message="Product with ID 0 not found." type="com.inventory.exception.ProductNotFoundException"><![CDATA[com.inventory.exception.ProductNotFoundException: Product with ID 0 not found.
	at com.inventory.service.ProductService.lambda$getProductOrThrow$0(ProductService.java:164)
	at java.base/java.util.Optional.orElseThrow(Optional.java:403)
	at com.inventory.service.ProductService.getProductOrThrow(ProductService.java:164)
	at com.inventory.service.ProductService.adjustStock(ProductService.java:147)
	at com.inventory.ProductServiceTest.testAdjustStock(ProductServiceTest.java:101)
	at java.base/java.lang.reflect.Method.invoke(Method.java:565)
	at java.base/java.util.ArrayList.forEach(ArrayList.java:1604)
	at java.base/java.util.ArrayList.forEach(ArrayList.java:1604)
]]></error>
  </testcase>
  <testcase name="testSearchProducts" classname="com.inventory.ProductServiceTest" time="0.005">
    <failure message="Search should return results for &apos;Updated&apos; ==&gt; expected: &lt;false&gt; but was: &lt;true&gt;" type="org.opentest4j.AssertionFailedError"><![CDATA[org.opentest4j.AssertionFailedError: Search should return results for 'Updated' ==> expected: <false> but was: <true>
	at org.junit.jupiter.api.AssertionFailureBuilder.build(AssertionFailureBuilder.java:151)
	at org.junit.jupiter.api.AssertionFailureBuilder.buildAndThrow(AssertionFailureBuilder.java:132)
	at org.junit.jupiter.api.AssertFalse.failNotFalse(AssertFalse.java:63)
	at org.junit.jupiter.api.AssertFalse.assertFalse(AssertFalse.java:36)
	at org.junit.jupiter.api.Assertions.assertFalse(Assertions.java:235)
	at com.inventory.ProductServiceTest.testSearchProducts(ProductServiceTest.java:110)
	at java.base/java.lang.reflect.Method.invoke(Method.java:565)
	at java.base/java.util.ArrayList.forEach(ArrayList.java:1604)
	at java.base/java.util.ArrayList.forEach(ArrayList.java:1604)
]]></failure>
  </testcase>
  <testcase name="testLowStockDetection" classname="com.inventory.ProductServiceTest" time="0.002">
    <error message="Product with ID 0 not found." type="com.inventory.exception.ProductNotFoundException"><![CDATA[com.inventory.exception.ProductNotFoundException: Product with ID 0 not found.
	at com.inventory.service.ProductService.lambda$getProductOrThrow$0(ProductService.java:164)
	at java.base/java.util.Optional.orElseThrow(Optional.java:403)
	at com.inventory.service.ProductService.getProductOrThrow(ProductService.java:164)
	at com.inventory.service.ProductService.adjustStock(ProductService.java:147)
	at com.inventory.ProductServiceTest.testLowStockDetection(ProductServiceTest.java:116)
	at java.base/java.lang.reflect.Method.invoke(Method.java:565)
	at java.base/java.util.ArrayList.forEach(ArrayList.java:1604)
	at java.base/java.util.ArrayList.forEach(ArrayList.java:1604)
]]></error>
  </testcase>
  <testcase name="testDeleteProductThrowsWhenNotFound" classname="com.inventory.ProductServiceTest" time="0.003"/>
  <testcase name="testDeleteProduct" classname="com.inventory.ProductServiceTest" time="0.002">
    <error message="Product with ID 0 not found." type="com.inventory.exception.ProductNotFoundException"><![CDATA[com.inventory.exception.ProductNotFoundException: Product with ID 0 not found.
	at com.inventory.service.ProductService.lambda$getProductOrThrow$0(ProductService.java:164)
	at java.base/java.util.Optional.orElseThrow(Optional.java:403)
	at com.inventory.service.ProductService.getProductOrThrow(ProductService.java:164)
	at com.inventory.service.ProductService.deleteProduct(ProductService.java:71)
	at com.inventory.ProductServiceTest.testDeleteProduct(ProductServiceTest.java:133)
	at java.base/java.lang.reflect.Method.invoke(Method.java:565)
	at java.base/java.util.ArrayList.forEach(ArrayList.java:1604)
	at java.base/java.util.ArrayList.forEach(ArrayList.java:1604)
]]></error>
  </testcase>
  <testcase name="testAddProductWithEmptyNameThrows" classname="com.inventory.ProductServiceTest" time="0.002"/>
  <testcase name="testTotalInventoryValueIsNonNegative" classname="com.inventory.ProductServiceTest" time="0.007"/>
</testsuite>